<?xml version="1.0" encoding="UTF-8"?>
<testng-results skipped="0" failed="0" total="1" passed="1">
  <reporter-output>
  </reporter-output>
  <suite name="Default suite" duration-ms="3222" started-at="2021-06-03T13:33:44Z" finished-at="2021-06-03T13:33:47Z">
    <groups>
    </groups>
    <test name="Default test" duration-ms="3222" started-at="2021-06-03T13:33:44Z" finished-at="2021-06-03T13:33:47Z">
      <class name="tests.XMLSchemaValidation">
        <test-method status="PASS" signature="schemaValidation()[pri:0, instance:tests.XMLSchemaValidation@2c8d66b2]" name="schemaValidation" duration-ms="3209" started-at="2021-06-03T19:03:44Z" finished-at="2021-06-03T19:03:47Z">
          <reporter-output>
          </reporter-output>
        </test-method> <!-- schemaValidation -->
      </class> <!-- tests.XMLSchemaValidation -->
    </test> <!-- Default test -->
  </suite> <!-- Default suite -->
</testng-results>
